2024-12-19 15:35:17,917 - root - INFO - Starting bot...
2024-12-19 15:35:17,925 - root - INFO - Handlers registered.
2024-12-19 15:35:18,490 - root - INFO - Database initialized.
2024-12-19 15:35:18,490 - root - INFO - Bot started and commands set.
2024-12-19 15:35:18,490 - root - INFO - Starting polling...
2024-12-19 15:35:18,490 - aiogram.dispatcher - INFO - Start polling
2024-12-19 15:35:18,506 - aiogram.dispatcher - INFO - Run polling for bot @cinex2bot id=7571878781 - 'CinebotNo2'
2024-12-19 15:35:27,592 - root - INFO - Received search query 'сияние' from user 576882100
2024-12-19 15:35:27,953 - root - INFO - No movie found for query 'сияние' from user 576882100
2024-12-19 15:35:27,954 - aiogram.event - INFO - Update id=696466029 is handled. Duration 363 ms by bot id=7571878781
2024-12-19 15:36:14,552 - aiogram.dispatcher - WARNING - Received SIGINT signal
2024-12-19 15:36:14,553 - aiogram.dispatcher - INFO - Polling stopped for bot @cinex2bot id=7571878781 - 'CinebotNo2'
2024-12-19 15:36:14,553 - aiogram.dispatcher - INFO - Polling stopped
2024-12-19 15:37:50,599 - root - INFO - Starting bot...
2024-12-19 15:37:50,608 - root - INFO - Handlers registered.
2024-12-19 15:37:50,640 - root - INFO - Database initialized.
2024-12-19 15:37:50,640 - root - INFO - Bot started and commands set.
2024-12-19 15:37:50,640 - root - INFO - Starting polling...
2024-12-19 15:37:50,640 - aiogram.dispatcher - INFO - Start polling
2024-12-19 15:37:50,670 - aiogram.dispatcher - INFO - Run polling for bot @cinex2bot id=7571878781 - 'CinebotNo2'
2024-12-19 15:38:04,380 - root - INFO - Received search query 'сияние' from user 576882100
2024-12-19 15:38:04,380 - root - INFO - Searching for movie 'сияние' with URL: https://api.kinopoisk.dev/v1.3/movie?query=сияние
2024-12-19 15:38:04,805 - root - INFO - No movie found for query 'сияние'
2024-12-19 15:38:06,293 - root - INFO - No movie found for query 'сияние' from user 576882100
2024-12-19 15:38:06,294 - aiogram.event - INFO - Update id=696466030 is handled. Duration 1915 ms by bot id=7571878781
2024-12-19 15:38:39,149 - aiogram.dispatcher - WARNING - Received SIGINT signal
2024-12-19 15:38:39,149 - aiogram.dispatcher - INFO - Polling stopped for bot @cinex2bot id=7571878781 - 'CinebotNo2'
2024-12-19 15:38:39,150 - aiogram.dispatcher - INFO - Polling stopped
2024-12-19 15:39:07,799 - root - INFO - Starting bot...
2024-12-19 15:39:07,807 - root - INFO - Handlers registered.
2024-12-19 15:39:07,837 - root - INFO - Database initialized.
2024-12-19 15:39:07,837 - root - INFO - Bot started and commands set.
2024-12-19 15:39:07,837 - root - INFO - Starting polling...
2024-12-19 15:39:07,838 - aiogram.dispatcher - INFO - Start polling
2024-12-19 15:39:07,843 - aiogram.dispatcher - INFO - Run polling for bot @cinex2bot id=7571878781 - 'CinebotNo2'
2024-12-19 15:39:11,785 - root - INFO - Received search query 'сияние' from user 576882100
2024-12-19 15:39:11,785 - root - INFO - Searching for movie 'сияние' with URL: https://api.kinopoisk.dev/v1.3/movie?query=сияние
2024-12-19 15:39:12,030 - root - INFO - No movie found for query 'сияние'
2024-12-19 15:39:12,087 - root - INFO - No movie found for query 'сияние' from user 576882100
2024-12-19 15:39:12,087 - aiogram.event - INFO - Update id=696466031 is handled. Duration 302 ms by bot id=7571878781
2024-12-19 15:39:20,856 - aiogram.dispatcher - WARNING - Received SIGINT signal
2024-12-19 15:39:20,857 - aiogram.dispatcher - INFO - Polling stopped for bot @cinex2bot id=7571878781 - 'CinebotNo2'
2024-12-19 15:39:20,857 - aiogram.dispatcher - INFO - Polling stopped
2024-12-19 15:40:05,621 - root - INFO - Starting bot...
2024-12-19 15:40:05,629 - root - INFO - Handlers registered.
2024-12-19 15:40:05,682 - root - INFO - Database initialized.
2024-12-19 15:40:05,683 - root - INFO - Bot started and commands set.
2024-12-19 15:40:05,683 - root - INFO - Starting polling...
2024-12-19 15:40:05,683 - aiogram.dispatcher - INFO - Start polling
2024-12-19 15:40:05,689 - aiogram.dispatcher - INFO - Run polling for bot @cinex2bot id=7571878781 - 'CinebotNo2'
2024-12-19 15:40:09,564 - root - INFO - Received search query 'сияние' from user 576882100
2024-12-19 15:40:09,564 - root - INFO - Searching for movie 'сияние' with URL: https://api.kinopoisk.dev/v1.3/movie?query=сияние
2024-12-19 15:40:09,828 - root - INFO - No movie found for query 'сияние'
2024-12-19 15:40:10,745 - root - INFO - No movie found for query 'сияние' from user 576882100
2024-12-19 15:40:10,745 - aiogram.event - INFO - Update id=696466032 is handled. Duration 1181 ms by bot id=7571878781
2024-12-19 15:40:20,114 - aiogram.dispatcher - WARNING - Received SIGINT signal
2024-12-19 15:40:20,114 - aiogram.dispatcher - INFO - Polling stopped for bot @cinex2bot id=7571878781 - 'CinebotNo2'
2024-12-19 15:40:20,115 - aiogram.dispatcher - INFO - Polling stopped
2024-12-19 15:41:51,450 - root - INFO - Starting bot...
2024-12-19 15:41:51,458 - root - INFO - Handlers registered.
2024-12-19 15:41:51,499 - root - INFO - Database initialized.
2024-12-19 15:41:51,500 - root - INFO - Bot started and commands set.
2024-12-19 15:41:51,500 - root - INFO - Starting polling...
2024-12-19 15:41:51,500 - aiogram.dispatcher - INFO - Start polling
2024-12-19 15:41:51,506 - aiogram.dispatcher - INFO - Run polling for bot @cinex2bot id=7571878781 - 'CinebotNo2'
2024-12-19 15:41:55,153 - root - INFO - Received search query 'сияние' from user 576882100
2024-12-19 15:41:55,153 - root - INFO - Searching for movie 'сияние' with URL: https://api.kinopoisk.dev/v1.3/movie?query=сияние
2024-12-19 15:41:55,515 - root - INFO - No movie found for query 'сияние'
2024-12-19 15:41:55,558 - root - INFO - No movie found for query 'сияние' from user 576882100
2024-12-19 15:41:55,559 - aiogram.event - INFO - Update id=696466033 is handled. Duration 406 ms by bot id=7571878781
2024-12-19 15:45:55,376 - aiogram.dispatcher - WARNING - Received SIGINT signal
2024-12-19 15:45:55,376 - aiogram.dispatcher - INFO - Polling stopped for bot @cinex2bot id=7571878781 - 'CinebotNo2'
2024-12-19 15:45:55,376 - aiogram.dispatcher - INFO - Polling stopped
2024-12-19 15:45:59,945 - root - INFO - Starting bot...
2024-12-19 15:45:59,945 - asyncio - DEBUG - Using selector: EpollSelector
2024-12-19 15:45:59,954 - root - INFO - Handlers registered.
2024-12-19 15:45:59,998 - root - INFO - Database initialized.
2024-12-19 15:45:59,998 - root - INFO - Bot started and commands set.
2024-12-19 15:45:59,998 - root - INFO - Starting polling...
2024-12-19 15:45:59,999 - aiogram.dispatcher - INFO - Start polling
2024-12-19 15:46:00,005 - aiogram.dispatcher - INFO - Run polling for bot @cinex2bot id=7571878781 - 'CinebotNo2'
2024-12-19 15:46:04,230 - root - INFO - Received search query 'сияние' from user 576882100
2024-12-19 15:46:04,230 - root - INFO - Searching for movie 'сияние' with URL: https://api.kinopoisk.dev/v1.3/movie?query=сияние
2024-12-19 15:46:04,499 - root - DEBUG - Response status: 200
2024-12-19 15:46:04,500 - root - DEBUG - Response body: {"docs":[],"total":0,"limit":10,"page":1,"pages":0}
2024-12-19 15:46:04,500 - root - DEBUG - Response JSON: {'docs': [], 'total': 0, 'limit': 10, 'page': 1, 'pages': 0}
2024-12-19 15:46:04,500 - root - INFO - No movie found for query 'сияние'
2024-12-19 15:46:04,556 - root - INFO - No movie found for query 'сияние' from user 576882100
2024-12-19 15:46:04,556 - aiogram.event - INFO - Update id=696466034 is handled. Duration 326 ms by bot id=7571878781
2024-12-19 15:51:22,630 - aiogram.dispatcher - WARNING - Received SIGINT signal
2024-12-19 15:51:22,631 - aiogram.dispatcher - INFO - Polling stopped for bot @cinex2bot id=7571878781 - 'CinebotNo2'
2024-12-19 15:51:22,631 - aiogram.dispatcher - INFO - Polling stopped
2024-12-19 15:51:30,374 - root - INFO - Starting bot...
2024-12-19 15:51:30,375 - asyncio - DEBUG - Using selector: EpollSelector
2024-12-19 15:51:30,386 - root - INFO - Handlers registered.
2024-12-19 15:51:30,421 - root - INFO - Database initialized.
2024-12-19 15:51:30,421 - root - INFO - Bot started and commands set.
2024-12-19 15:51:30,421 - root - INFO - Starting polling...
2024-12-19 15:51:30,422 - aiogram.dispatcher - INFO - Start polling
2024-12-19 15:51:30,427 - aiogram.dispatcher - INFO - Run polling for bot @cinex2bot id=7571878781 - 'CinebotNo2'
2024-12-19 15:51:36,152 - root - INFO - Received search query 'сияние' from user 576882100
2024-12-19 15:51:36,152 - root - INFO - Searching for movie 'сияние' with URL: https://api.kinopoisk.dev/v1.3/movie?query=сияние
2024-12-19 15:51:36,528 - root - DEBUG - Response JSON: {'docs': [], 'total': 0, 'limit': 10, 'page': 1, 'pages': 0}
2024-12-19 15:51:36,528 - root - INFO - No movie found for query 'сияние'
2024-12-19 15:51:36,575 - root - INFO - No movie found for query 'сияние' from user 576882100
2024-12-19 15:51:36,575 - aiogram.event - INFO - Update id=696466035 is handled. Duration 423 ms by bot id=7571878781
2024-12-19 15:51:58,833 - aiogram.dispatcher - WARNING - Received SIGINT signal
2024-12-19 15:51:58,834 - aiogram.dispatcher - INFO - Polling stopped for bot @cinex2bot id=7571878781 - 'CinebotNo2'
2024-12-19 15:51:58,834 - aiogram.dispatcher - INFO - Polling stopped
2024-12-19 15:52:09,657 - root - INFO - Starting bot...
2024-12-19 15:52:09,658 - asyncio - DEBUG - Using selector: EpollSelector
2024-12-19 15:52:09,666 - root - INFO - Handlers registered.
2024-12-19 15:52:09,783 - root - INFO - Database initialized.
2024-12-19 15:52:09,783 - root - INFO - Bot started and commands set.
2024-12-19 15:52:09,783 - root - INFO - Starting polling...
2024-12-19 15:52:09,784 - aiogram.dispatcher - INFO - Start polling
2024-12-19 15:52:09,804 - aiogram.dispatcher - INFO - Run polling for bot @cinex2bot id=7571878781 - 'CinebotNo2'
2024-12-19 15:52:11,800 - root - INFO - Received search query 'сияние' from user 576882100
2024-12-19 15:52:11,800 - root - INFO - Searching for movie 'сияние' with URL: https://api.kinopoisk.dev/v1.4/movie/search?query=сияние
2024-12-19 15:52:12,074 - root - DEBUG - Response JSON: {'docs': [{'internalNames': ['Сияние', 'The Shining', "Stanley Kubrick's The Shining", 'Derakhshesh', 'Zárení', 'I lampsi', 'Hiilgus', 'Hohto', "Shining : L'enfant lumière", 'O Iluminado', 'El Resplandor', 'Porlash', 'Rongraem Phi Narok', 'Shining', 'Mirdzums', 'Lśnienie', 'シャイニング', 'シャイニング：1980'], 'name': 'Сияние', 'alternativeName': 'The Shining', 'enName': '', 'year': 1980, 'genres': [{'name': 'триллер'}, {'name': 'драма'}, {'name': 'ужасы'}, {'name': 'детектив'}], 'countries': [{'name': 'США'}, {'name': 'Великобритания'}], 'releaseYears': [], 'id': 409, 'externalId': {'imdb': 'tt0081505', 'tmdb': 694, 'kpHD': '47807fc59252d48083d651c211df20ff'}, 'names': [{'name': 'Сияние'}, {'name': 'The Shining'}, {'name': "Stanley Kubrick's The Shining", 'language': 'US', 'type': 'complete title'}, {'name': 'Derakhshesh', 'language': 'IR', 'type': 'Romanized title'}, {'name': 'Zárení', 'language': 'CZ', 'type': None}, {'name': 'I lampsi', 'language': 'GR', 'type': 'Romanized title'}, {'name': 'Hiilgus', 'language': 'EE', 'type': None}, {'name': 'Hohto', 'language': 'FI', 'type': 'video box title'}, {'name': "Shining : L'enfant lumière", 'language': 'CA', 'type': None}, {'name': 'O Iluminado', 'language': 'BR', 'type': None}, {'name': 'El Resplandor', 'language': 'ES', 'type': None}, {'name': 'Porlash', 'language': 'UZ', 'type': None}, {'name': 'Rongraem Phi Narok', 'language': 'TH', 'type': 'Thai title'}, {'name': 'Shining', 'language': 'FR', 'type': None}, {'name': 'Mirdzums', 'language': 'LV', 'type': None}, {'name': 'Lśnienie', 'language': 'PL', 'type': None}, {'name': 'シャイニング', 'language': 'JP', 'type': None}, {'name': 'シャイニング：1980', 'language': 'JP', 'type': None}], 'type': 'movie', 'description': 'Джек Торренс с женой и сыном приезжает в элегантный отдалённый отель, чтобы работать смотрителем во время мертвого сезона. Торренс здесь раньше никогда не бывал. Или это не совсем так? Ответ лежит во мраке, сотканном из преступного кошмара.', 'shortDescription': 'Писатель, запертый с семьей в заснеженном отеле, теряет рассудок. Культовый эстетский хоррор Стэнли Кубрика', 'logo': {'url': 'https://avatars.mds.yandex.net/get-ott/223007/2a0000016ef3f7cfb39face0a687af21e9d6/orig'}, 'poster': {'url': 'https://image.openmoviedb.com/kinopoisk-images/6201401/49ba5c05-249b-4387-8418-833aa54bb376/orig', 'previewUrl': 'https://image.openmoviedb.com/kinopoisk-images/6201401/49ba5c05-249b-4387-8418-833aa54bb376/x1000'}, 'backdrop': {'url': 'https://image.openmoviedb.com/kinopoisk-ott-images/374297/2a000001670d602655ccca469b13732be517/orig', 'previewUrl': 'https://image.openmoviedb.com/kinopoisk-ott-images/374297/2a000001670d602655ccca469b13732be517/x1000'}, 'rating': {'kp': 7.78, 'imdb': 8.4, 'filmCritics': 8.6, 'russianFilmCritics': 0, 'await': None}, 'votes': {'kp': 268379, 'imdb': 1115490, 'filmCritics': 107, 'russianFilmCritics': 2, 'await': 0}, 'movieLength': 144, 'internalRating': 7.78, 'internalVotes': 268379, 'isSeries': False, 'ticketsOnSale': False, 'totalSeriesLength': None, 'seriesLength': None, 'ratingMpaa': 'r', 'ageRating': 18, 'top10': None, 'top250': None, 'typeNumber': 1, 'status': None}, {'internalNames': ['Сияние', 'The Shining', 'O Iluminado', 'Shining : Les Couloirs de la peur', 'Shining : Les Couloirs du temps', 'Shining : Les Couloirs de la mort', "Stephen King's The Shining"], 'name': 'Сияние', 'alternativeName': 'The Shining', 'enName': "Stephen King's The Shining", 'year': 1997, 'genres': [{'name': 'ужасы'}, {'name': 'фэнтези'}, {'name': 'триллер'}, {'name': 'драма'}], 'countries': [{'name': 'США'}], 'releaseYears': [{'start': 1997, 'end': 1997}], 'id': 94997, 'externalId': {'imdb': 'tt0118460', 'tmdb': 1867, 'kpHD': None}, 'names': [{'name': 'Сияние'}, {'name': 'The Shining'}, {'name': 'O Iluminado', 'language': 'BR', 'type': None}, {'name': 'Shining : Les Couloirs de la peur', 'language': 'FR', 'type': None}, {'name': 'Shining : Les Couloirs du temps', 'language': 'FR', 'type': None}, {'name': 'Shining : Les Couloirs de la mort', 'language': 'FR', 'type': None}, {'name': "Stephen King's The Shining", 'language': 'US', 'type': None}], 'type': 'tv-series', 'description': 'В скалистых горах Колорадо расположен временно неработающий отель. На осень и зиму там селится смотритель Джек Торранс с женой и маленьким сыном Дэнни. В прошлом Джек - алкоголик, склонный к насилию. Некоторое время жизнь в отеле проходит спокойно, и ничто не тревожит постояльцев, а потом маленькому Дэнни начинает казаться, что он знает жуткое прошлое отеля, знает что скрывается за дверьми каждого из сотни пустых номеров, и главное, - он видит образы не только минувшего.', 'shortDescription': '', 'logo': {'url': None}, 'poster': {'url': 'https://image.openmoviedb.com/kinopoisk-images/1773646/e255bf86-ea8d-4ac2-ae2e-9c28e1da3196/orig', 'previewUrl': 'https://image.openmoviedb.com/kinopoisk-images/1773646/e255bf86-ea8d-4ac2-ae2e-9c28e1da3196/x1000'}, 'backdrop': {'url': None, 'previewUrl': None}, 'rating': {'kp': 7.332, 'imdb': 6.1, 'filmCritics': 0, 'russianFilmCritics': 0, 'await': None}, 'votes': {'kp': 7474, 'imdb': 18415, 'filmCritics': 0, 'russianFilmCritics': 0, 'await': 0}, 'movieLength': 0, 'internalRating': 7.332, 'internalVotes': 7474, 'isSeries': True, 'ticketsOnSale': False, 'totalSeriesLength': 273, 'seriesLength': None, 'ratingMpaa': None, 'ageRating': None, 'top10': None, 'top250': None, 'typeNumber': 2, 'status': 'completed'}, {'internalNames': ['Сияние', 'The Glow'], 'name': 'Сияние', 'alternativeName': 'The Glow', 'enName': '', 'year': 2002, 'genres': [{'name': 'ужасы'}, {'name': 'триллер'}, {'name': 'драма'}, {'name': 'детектив'}], 'countries': [{'name': 'Канада'}], 'releaseYears': [], 'id': 145726, 'externalId': {'kpHD': None, 'imdb': 'tt0286653', 'tmdb': 53553}, 'names': [{'name': 'Сияние'}, {'name': 'The Glow'}], 'type': 'movie', 'description': '', 'shortDescription': '', 'logo': {'url': None, 'previewUrl': None}, 'poster': {'url': 'https://image.openmoviedb.com/kinopoisk-images/1599028/ad67cc1e-c7f0-4373-8cd6-54e11c2e6446/orig', 'previewUrl': 'https://image.openmoviedb.com/kinopoisk-images/1599028/ad67cc1e-c7f0-4373-8cd6-54e11c2e6446/x1000'}, 'backdrop': {'url': None, 'previewUrl': None}, 'rating': {'kp': 5.811, 'imdb': 5.2, 'filmCritics': 0, 'russianFilmCritics': 0, 'await': None}, 'votes': {'kp': 528, 'imdb': 1144, 'filmCritics': 0, 'russianFilmCritics': 0, 'await': 0}, 'movieLength': 89, 'internalRating': 5.811, 'internalVotes': 528, 'isSeries': False, 'ticketsOnSale': False, 'totalSeriesLength': None, 'seriesLength': None, 'ratingMpaa': None, 'ageRating': 16, 'top10': None, 'top250': None, 'typeNumber': 1, 'status': None}, {'internalNames': ['Сияние', 'Hikari', 'Blask', 'Esplendor', 'Mot solnedgången', "El ha'or", 'Hacia la luz', 'Vers la lumière', 'Radiance', 'Radiance', 'Radiance', '빛나는', '光'], 'name': 'Сияние', 'alternativeName': 'Hikari', 'enName': '', 'year': 2017, 'genres': [{'name': 'драма'}, {'name': 'мелодрама'}], 'countries': [{'name': 'Япония'}, {'name': 'Франция'}], 'releaseYears': [], 'id': 1007484, 'externalId': {'imdb': 'tt6165792', 'tmdb': 444428, 'kpHD': None}, 'names': [{'name': 'Сияние'}, {'name': 'Hikari'}, {'name': 'Blask', 'language': 'PL', 'type': None}, {'name': 'Esplendor', 'language': 'BR', 'type': None}, {'name': 'Mot solnedgången', 'language': 'SE', 'type': None}, {'name': "El ha'or", 'language': 'IL', 'type': None}, {'name': 'Hacia la luz', 'language': 'ES', 'type': None}, {'name': 'Vers la lumière', 'language': 'FR', 'type': None}, {'name': 'Radiance', 'language': 'NL', 'type': None}, {'name': 'Radiance', 'language': 'DE', 'type': None}, {'name': 'Radiance', 'language': 'GR', 'type': None}, {'name': '빛나는', 'language': 'KR', 'type': None}, {'name': '光', 'language': 'TW', 'type': '劇情'}], 'type': 'movie', 'description': 'Мисако любит описывать предметы, чувства и мир, который её окружает. Её работа - составление аудио-описаний фильмов - вся её жизнь. Работая над одним проектом, она встречает знаменитого фотографа, у которого стремительно ухудшается зрение. Между мужчиной, теряющим свет, и женщиной, которая к нему стремится, рождается сильное чувство.', 'shortDescription': '', 'logo': {'url': None}, 'poster': {'url': 'https://image.openmoviedb.com/kinopoisk-images/1599028/bcb03f79-10ce-4e4d-9458-d144aceb0e4d/orig', 'previewUrl': 'https://image.openmoviedb.com/kinopoisk-images/1599028/bcb03f79-10ce-4e4d-9458-d144aceb0e4d/x1000'}, 'backdrop': {'url': None, 'previewUrl': None}, 'rating': {'kp': 6.46, 'imdb': 6.4, 'filmCritics': 6.5, 'russianFilmCritics': 0, 'await': None}, 'votes': {'kp': 508, 'imdb': 2008, 'filmCritics': 30, 'russianFilmCritics': 0, 'await': 0}, 'movieLength': 101, 'internalRating': 6.46, 'internalVotes': 508, 'isSeries': False, 'ticketsOnSale': False, 'totalSeriesLength': None, 'seriesLength': None, 'ratingMpaa': None, 'ageRating': None, 'top10': None, 'top250': None, 'typeNumber': 1, 'status': None}, {'internalNames': ['Сияние', 'Radiance'], 'name': 'Сияние', 'alternativeName': 'Radiance', 'enName': '', 'year': 1998, 'genres': [{'name': 'драма'}], 'countries': [{'name': 'Австралия'}], 'releaseYears': [], 'id': 141491, 'externalId': {'kpHD': None, 'imdb': 'tt0163169', 'tmdb': 130273}, 'names': [{'name': 'Сияние'}, {'name': 'Radiance'}], 'type': 'movie', 'description': '', 'shortDescription': '', 'logo': {'url': None, 'previewUrl': None}, 'poster': {'url': 'https://image.openmoviedb.com/kinopoisk-images/1704946/b8d7eea0-5a2a-444f-80ea-7e7b04dce396/orig', 'previewUrl': 'https://image.openmoviedb.com/kinopoisk-images/1704946/b8d7eea0-5a2a-444f-80ea-7e7b04dce396/x1000'}, 'backdrop': {'url': None, 'previewUrl': None}, 'rating': {'kp': 0, 'imdb': 6.6, 'filmCritics': 0, 'russianFilmCritics': 0, 'await': 0}, 'votes': {'kp': 17, 'imdb': 355, 'filmCritics': 0, 'russianFilmCritics': 0, 'await': 0}, 'movieLength': 83, 'internalRating': 6.6, 'internalVotes': 17, 'isSeries': False, 'ticketsOnSale': False, 'totalSeriesLength': None, 'seriesLength': None, 'ratingMpaa': None, 'ageRating': None, 'top10': None, 'top250': None, 'typeNumber': 1, 'status': None}, {'internalNames': [], 'name': 'Сияние', 'alternativeName': 'Syain', 'enName': '', 'year': 2024, 'genres': [{'name': 'драма'}], 'countries': [{'name': 'Корея Южная'}], 'releaseYears': [], 'id': 6022358, 'externalId': None, 'names': [], 'type': 'movie', 'description': 'Потерянные души находят утешение в\xa0храме на\xa0острове Чеджу.', 'shortDescription': '', 'logo': None, 'poster': {'url': 'https://image.openmoviedb.com/kinopoisk-images/10768063/8d7dac2e-2490-450e-9d98-cb50e57f9676/orig', 'previewUrl': 'https://image.openmoviedb.com/kinopoisk-images/10768063/8d7dac2e-2490-450e-9d98-cb50e57f9676/x1000'}, 'backdrop': None, 'rating': {'kp': 0, 'imdb': 0, 'filmCritics': 0, 'russianFilmCritics': 0, 'await': 0}, 'votes': {'kp': 15, 'imdb': 0, 'filmCritics': 0, 'russianFilmCritics': 0, 'await': 0}, 'movieLength': 129, 'internalRating': 0, 'internalVotes': 15, 'isSeries': False, 'ticketsOnSale': False, 'totalSeriesLength': None, 'seriesLength': None, 'ratingMpaa': None, 'ageRating': None, 'top10': None, 'top250': None, 'typeNumber': 1, 'status': None}, {'internalNames': ['Сияние обрушится вниз'], 'name': 'Сияние обрушится вниз', 'alternativeName': '', 'enName': '', 'year': 2017, 'genres': [{'name': 'концерт'}, {'name': 'музыка'}], 'countries': [{'name': 'Россия'}, {'name': 'Израиль'}], 'releaseYears': [], 'id': 1112631, 'externalId': {'kpHD': None}, 'names': [{'name': 'Сияние обрушится вниз', 'language': 'RU', 'type': 'Russian title on kinopoisk'}], 'type': 'movie', 'description': 'Последний концерт «Гражданской обороны», состоявшийся 9\xa0февраля 2008 года в\xa0Екатеринбурге.', 'shortDescription': '', 'logo': None, 'poster': {'url': 'https://image.openmoviedb.com/kinopoisk-images/10893610/800b1eed-1492-47b9-a889-720f8f25c9ab/orig', 'previewUrl': 'https://image.openmoviedb.com/kinopoisk-images/10893610/800b1eed-1492-47b9-a889-720f8f25c9ab/x1000'}, 'backdrop': {'url': None, 'previewUrl': None}, 'rating': {'kp': 8.267, 'imdb': 0, 'filmCritics': 0, 'russianFilmCritics': 0, 'await': None}, 'votes': {'kp': 1297, 'imdb': 0, 'filmCritics': 0, 'russianFilmCritics': 1, 'await': 0}, 'movieLength': 102, 'internalRating': 8.267, 'internalVotes': 1297, 'isSeries': False, 'ticketsOnSale': False, 'totalSeriesLength': None, 'seriesLength': None, 'ratingMpaa': None, 'ageRating': 18, 'top10': None, 'top250': None, 'typeNumber': 1, 'status': None}, {'internalNames': ['Сияние радуги', 'A Shine of Rainbows', 'O Brilho da Vida', 'El brillo del arcoiris', 'A Shine of Rainbows (2009)', 'Tomás and the Rainbow'], 'name': 'Сияние радуги', 'alternativeName': 'A Shine of Rainbows', 'enName': '', 'year': 2009, 'genres': [{'name': 'драма'}, {'name': 'семейный'}], 'countries': [{'name': 'Канада'}, {'name': 'Ирландия'}], 'releaseYears': [], 'id': 316764, 'externalId': {'imdb': 'tt1014774', 'tmdb': 37206, 'kpHD': None}, 'names': [{'name': 'Сияние радуги'}, {'name': 'A Shine of Rainbows'}, {'name': 'O Brilho da Vida', 'language': 'BR', 'type': None}, {'name': 'El brillo del arcoiris', 'language': 'ES', 'type': None}, {'name': 'A Shine of Rainbows (2009)', 'language': 'US', 'type': None}, {'name': 'Tomás and the Rainbow', 'language': 'US', 'type': 'DVD'}], 'type': 'movie', 'description': 'Двойные радуги такое же редкое явление, как и любящая женщина Мария О`Доннел. Чтобы поделиться своей радостью, заботой и теплом, она принимает сироту по имени Томас и приглашает его жить на удаленный остров Корри у берегов Ирландии. Однако муж Алик не одобряет робость Томаса и его неумение общаться с людьми. Он не может скрыть свое разочарование в том, что Томас не тот ребенок, которого он хотел. Вскоре Томас начинает называть Марию своей матерью. Но счастье длится не долго…', 'shortDescription': '', 'logo': {'url': None}, 'poster': {'url': 'https://image.openmoviedb.com/kinopoisk-images/1599028/d3c8fd46-a4d7-4df5-bd62-83cb09e34086/orig', 'previewUrl': 'https://image.openmoviedb.com/kinopoisk-images/1599028/d3c8fd46-a4d7-4df5-bd62-83cb09e34086/x1000'}, 'backdrop': {'url': None, 'previewUrl': None}, 'rating': {'kp': 7.751, 'imdb': 7.1, 'filmCritics': 0, 'russianFilmCritics': 0, 'await': None}, 'votes': {'kp': 1290, 'imdb': 2455, 'filmCritics': 0, 'russianFilmCritics': 0, 'await': 0}, 'movieLength': 101, 'internalRating': 7.751, 'internalVotes': 1290, 'isSeries': False, 'ticketsOnSale': False, 'totalSeriesLength': None, 'seriesLength': None, 'ratingMpaa': 'pg', 'ageRating': None, 'top10': None, 'top250': None, 'typeNumber': 1, 'status': None}, {'internalNames': [], 'name': 'Сияние утра и Касэ-сан', 'alternativeName': 'Asagao to Kase-san.', 'enName': '', 'year': 2018, 'genres': [{'name': 'аниме'}, {'name': 'мультфильм'}, {'name': 'мелодрама'}], 'countries': [{'name': 'Япония'}], 'releaseYears': [], 'id': 1138887, 'externalId': {'kpHD': None, 'imdb': 'tt7456468', 'tmdb': 515295}, 'names': [], 'type': 'anime', 'description': 'Юи Ямада — застенчивая и немного неуклюжая девушка, которая любит ухаживать за цветами в школьном саду. Однажды её внимание привлекает бойкая звезда легкоатлетической команды Касэ. Несмотря на то что у девушек не так уж много общего, между ними завязываются роман, и теперь обеим предстоит научиться беречь свои расцветающие отношения.', 'shortDescription': '', 'logo': {'url': None}, 'poster': {'url': 'https://image.openmoviedb.com/kinopoisk-images/1599028/5fb993e5-5177-4843-a3dc-4fc5bf3536e9/orig', 'previewUrl': 'https://image.openmoviedb.com/kinopoisk-images/1599028/5fb993e5-5177-4843-a3dc-4fc5bf3536e9/x1000'}, 'backdrop': {'url': None, 'previewUrl': None}, 'rating': {'kp': 6.975, 'imdb': 7.2, 'filmCritics': 0, 'russianFilmCritics': 0, 'await': None}, 'votes': {'kp': 1171, 'imdb': 874, 'filmCritics': 0, 'russianFilmCritics': 0, 'await': 0}, 'movieLength': 58, 'internalRating': 6.975, 'internalVotes': 1171, 'isSeries': False, 'ticketsOnSale': False, 'totalSeriesLength': None, 'seriesLength': None, 'ratingMpaa': None, 'ageRating': None, 'top10': None, 'top250': None, 'typeNumber': 4, 'status': None}, {'internalNames': ['Сияние моря', 'Lichtes Meer', 'Radiant Sea'], 'name': 'Сияние моря', 'alternativeName': 'Lichtes Meer', 'enName': '', 'year': 2015, 'genres': [{'name': 'драма'}], 'countries': [{'name': 'Германия'}], 'releaseYears': [], 'id': 922225, 'externalId': {'imdb': 'tt4810828', 'tmdb': 355719, 'kpHD': None}, 'names': [{'name': 'Сияние моря'}, {'name': 'Lichtes Meer'}, {'name': 'Radiant Sea', 'language': 'US', 'type': None}], 'type': 'movie', 'description': 'Марек начинает стажировку на контейнеровозе длиной 197 метров, шириной 30 метров. Полный ожиданий, он оставляет ферму родителей в Померании и едет в Санкт-Назер на борт гиганта. Марек достаточно храбр, чтобы исследовать свободу и влюбляется в загадочного моряка Жана. И как ему кажется раз и навсегда и это любовь всей его жизни. Но Жан фактически имеет любовника в каждом порту. В долгой поездке через Атлантику мечта юного матроса о любви в условиях современного грузового судоходства разобьётся о реалии жизни и ему придётся быстро стать взрослым.', 'shortDescription': '', 'logo': {'url': None}, 'poster': {'url': 'https://image.openmoviedb.com/kinopoisk-images/1599028/fce5ff6b-0b85-4c9a-85f6-f07a5c44b6c7/orig', 'previewUrl': 'https://image.openmoviedb.com/kinopoisk-images/1599028/fce5ff6b-0b85-4c9a-85f6-f07a5c44b6c7/x1000'}, 'backdrop': {'url': None, 'previewUrl': None}, 'rating': {'kp': 5.81, 'imdb': 5.8, 'filmCritics': 0, 'russianFilmCritics': 0, 'await': None}, 'votes': {'kp': 139, 'imdb': 379, 'filmCritics': 0, 'russianFilmCritics': 0, 'await': 0}, 'movieLength': 79, 'internalRating': 5.81, 'internalVotes': 139, 'isSeries': False, 'ticketsOnSale': False, 'totalSeriesLength': None, 'seriesLength': None, 'ratingMpaa': None, 'ageRating': None, 'top10': None, 'top250': None, 'typeNumber': 1, 'status': None}], 'total': 477, 'limit': 10, 'page': 1, 'pages': 48}
2024-12-19 15:52:12,075 - root - INFO - Found movie 'Сияние' for query 'сияние'
2024-12-19 15:52:12,077 - root - INFO - Logged search for user 576882100: 'сияние'
2024-12-19 15:52:12,146 - root - INFO - Sent movie details for 'сияние' to user 576882100
2024-12-19 15:52:12,146 - aiogram.event - INFO - Update id=696466036 is handled. Duration 347 ms by bot id=7571878781
2024-12-19 16:03:15,595 - aiogram.dispatcher - WARNING - Received SIGINT signal
2024-12-19 16:03:15,596 - aiogram.dispatcher - INFO - Polling stopped for bot @cinex2bot id=7571878781 - 'CinebotNo2'
2024-12-19 16:03:15,597 - aiogram.dispatcher - INFO - Polling stopped
